Using pre-set license
Built from '2021.3/staging' branch; Version is '2021.3.14f1 (eee1884e7226) revision 15655304'; Using compiler version '192829333'; Build Type 'Release'
OS: 'Windows 11  (10.0.22000) 64bit Education' Language: 'ko' Physical Memory: 15771 MB
BatchMode: 1, IsHumanControllingUs: 0, StartBugReporterOnCrash: 0, Is64bit: 1, IsPro: 1

COMMAND LINE ARGUMENTS:
C:\Program Files\Unity\Hub\Editor\2021.3.14f1\Editor\Unity.exe
-adb2
-batchMode
-noUpm
-name
AssetImportWorker0
-projectPath
C:/Users/ja/Desktop/unity/My project
-logFile
Logs/AssetImportWorker0.log
-srvPort
51459
Successfully changed project path to: C:/Users/ja/Desktop/unity/My project
C:/Users/ja/Desktop/unity/My project
[UnityMemory] Configuration Parameters - Can be set up in boot.config
    "memorysetup-bucket-allocator-granularity=16"
    "memorysetup-bucket-allocator-bucket-count=8"
    "memorysetup-bucket-allocator-block-size=33554432"
    "memorysetup-bucket-allocator-block-count=8"
    "memorysetup-main-allocator-block-size=16777216"
    "memorysetup-thread-allocator-block-size=16777216"
    "memorysetup-gfx-main-allocator-block-size=16777216"
    "memorysetup-gfx-thread-allocator-block-size=16777216"
    "memorysetup-cache-allocator-block-size=4194304"
    "memorysetup-typetree-allocator-block-size=2097152"
    "memorysetup-profiler-bucket-allocator-granularity=16"
    "memorysetup-profiler-bucket-allocator-bucket-count=8"
    "memorysetup-profiler-bucket-allocator-block-size=33554432"
    "memorysetup-profiler-bucket-allocator-block-count=8"
    "memorysetup-profiler-allocator-block-size=16777216"
    "memorysetup-profiler-editor-allocator-block-size=1048576"
    "memorysetup-temp-allocator-size-main=16777216"
    "memorysetup-job-temp-allocator-block-size=2097152"
    "memorysetup-job-temp-allocator-block-size-background=1048576"
    "memorysetup-job-temp-allocator-reduction-small-platforms=262144"
    "memorysetup-temp-allocator-size-background-worker=32768"
    "memorysetup-temp-allocator-size-job-worker=262144"
    "memorysetup-temp-allocator-size-preload-manager=33554432"
    "memorysetup-temp-allocator-size-nav-mesh-worker=65536"
    "memorysetup-temp-allocator-size-audio-worker=65536"
    "memorysetup-temp-allocator-size-cloud-worker=32768"
    "memorysetup-temp-allocator-size-gi-baking-worker=262144"
    "memorysetup-temp-allocator-size-gfx=262144"
Refreshing native plugins compatible for Editor in 125.06 ms, found 3 plugins.
Preloading 0 native plugins for Editor in 0.00 ms.
Initialize engine version: 2021.3.14f1 (eee1884e7226)
[Subsystems] Discovering subsystems at path C:/Program Files/Unity/Hub/Editor/2021.3.14f1/Editor/Data/Resources/UnitySubsystems
[Subsystems] Discovering subsystems at path C:/Users/ja/Desktop/unity/My project/Assets
GfxDevice: creating device client; threaded=0; jobified=0
Direct3D:
    Version:  Direct3D 11.0 [level 11.1]
    Renderer: AMD Radeon(TM) Graphics (ID=0x1636)
    Vendor:   ATI
    VRAM:     7885 MB
    Driver:   31.0.12027.7000
Initialize mono
Mono path[0] = 'C:/Program Files/Unity/Hub/Editor/2021.3.14f1/Editor/Data/Managed'
Mono path[1] = 'C:/Program Files/Unity/Hub/Editor/2021.3.14f1/Editor/Data/MonoBleedingEdge/lib/mono/unityjit-win32'
Mono config path = 'C:/Program Files/Unity/Hub/Editor/2021.3.14f1/Editor/Data/MonoBleedingEdge/etc'
Using monoOptions --debugger-agent=transport=dt_socket,embedding=1,server=y,suspend=n,address=127.0.0.1:56788
Begin MonoManager ReloadAssembly
Registering precompiled unity dll's ...
Register platform support module: C:/Program Files/Unity/Hub/Editor/2021.3.14f1/Editor/Data/PlaybackEngines/WebGLSupport/UnityEditor.WebGL.Extensions.dll
Register platform support module: C:/Program Files/Unity/Hub/Editor/2021.3.14f1/Editor/Data/PlaybackEngines/WindowsStandaloneSupport/UnityEditor.WindowsStandalone.Extensions.dll
Registered in 0.005314 seconds.
Native extension for WindowsStandalone target not found
Native extension for WebGL target not found
Refreshing native plugins compatible for Editor in 129.99 ms, found 3 plugins.
Preloading 0 native plugins for Editor in 0.00 ms.
Mono: successfully reloaded assembly
- Completed reload, in  0.691 seconds
Domain Reload Profiling:
	ReloadAssembly (692ms)
		BeginReloadAssembly (78ms)
			ExecutionOrderSort (0ms)
			DisableScriptedObjects (0ms)
			BackupInstance (0ms)
			ReleaseScriptingObjects (0ms)
			CreateAndSetChildDomain (1ms)
		EndReloadAssembly (505ms)
			LoadAssemblies (76ms)
			RebuildTransferFunctionScriptingTraits (0ms)
			SetupTypeCache (103ms)
			ReleaseScriptCaches (0ms)
			RebuildScriptCaches (33ms)
			SetupLoadedEditorAssemblies (318ms)
				LogAssemblyErrors (0ms)
				InitializePlatformSupportModulesInManaged (8ms)
				SetLoadedEditorAssemblies (0ms)
				RefreshPlugins (130ms)
				BeforeProcessingInitializeOnLoad (1ms)
				ProcessInitializeOnLoadAttributes (124ms)
				ProcessInitializeOnLoadMethodAttributes (54ms)
				AfterProcessingInitializeOnLoad (0ms)
				EditorAssembliesLoaded (0ms)
			ExecutionOrderSort2 (0ms)
			AwakeInstancesAfterBackupRestoration (0ms)
Platform modules already initialized, skipping
Registering precompiled user dll's ...
Registered in 0.008437 seconds.
Begin MonoManager ReloadAssembly
Symbol file LoadedFromMemory doesn't match image C:\Users\ja\Desktop\unity\My project\Library\PackageCache\com.unity.visualscripting@1.7.8\Editor\VisualScripting.Core\Dependencies\YamlDotNet\Unity.VisualScripting.YamlDotNet.dll
Symbol file LoadedFromMemory doesn't match image C:\Users\ja\Desktop\unity\My project\Library\PackageCache\com.unity.visualscripting@1.7.8\Editor\VisualScripting.Core\Dependencies\DotNetZip\Unity.VisualScripting.IonicZip.dll
Native extension for WindowsStandalone target not found
Native extension for WebGL target not found
Refreshing native plugins compatible for Editor in 129.22 ms, found 3 plugins.
Preloading 0 native plugins for Editor in 0.00 ms.
Mono: successfully reloaded assembly
- Completed reload, in  1.484 seconds
Domain Reload Profiling:
	ReloadAssembly (1484ms)
		BeginReloadAssembly (114ms)
			ExecutionOrderSort (0ms)
			DisableScriptedObjects (6ms)
			BackupInstance (0ms)
			ReleaseScriptingObjects (0ms)
			CreateAndSetChildDomain (20ms)
		EndReloadAssembly (1253ms)
			LoadAssemblies (100ms)
			RebuildTransferFunctionScriptingTraits (0ms)
			SetupTypeCache (329ms)
			ReleaseScriptCaches (1ms)
			RebuildScriptCaches (105ms)
			SetupLoadedEditorAssemblies (650ms)
				LogAssemblyErrors (0ms)
				InitializePlatformSupportModulesInManaged (5ms)
				SetLoadedEditorAssemblies (0ms)
				RefreshPlugins (129ms)
				BeforeProcessingInitializeOnLoad (130ms)
				ProcessInitializeOnLoadAttributes (288ms)
				ProcessInitializeOnLoadMethodAttributes (90ms)
				AfterProcessingInitializeOnLoad (7ms)
				EditorAssembliesLoaded (0ms)
			ExecutionOrderSort2 (0ms)
			AwakeInstancesAfterBackupRestoration (11ms)
Platform modules already initialized, skipping
========================================================================
Worker process is ready to serve import requests
Launched and connected shader compiler UnityShaderCompiler.exe after 0.05 seconds
Refreshing native plugins compatible for Editor in 1.10 ms, found 3 plugins.
Preloading 0 native plugins for Editor in 0.00 ms.
Unloading 5354 Unused Serialized files (Serialized files now loaded: 0)
Unloading 54 unused Assets / (0.8 MB). Loaded Objects now: 5811.
Memory consumption went from 210.6 MB to 209.8 MB.
Total: 4.360200 ms (FindLiveObjects: 0.633400 ms CreateObjectMapping: 0.252800 ms MarkObjects: 3.080800 ms  DeleteObjects: 0.391700 ms)

AssetImportParameters requested are different than current active one (requested -> active):
  custom:video-decoder-ogg-theora: a1e56fd34408186e4bbccfd4996cb3dc -> 
  custom:container-muxer-webm: aa71ff27fc2769a1b78a27578f13a17b -> 
  custom:container-demuxer-webm: 4f35f7cbe854078d1ac9338744f61a02 -> 
  custom:video-encoder-webm-vp8: eb34c28f22e8b96e1ab97ce403110664 -> 
  custom:audio-encoder-webm-vorbis: bf7c407c2cedff20999df2af8eb42d56 -> 
  custom:framework-win-MediaFoundation: 216162199b28c13a410421893ffa2e32 -> 
  custom:container-demuxer-ogg: 62fdf1f143b41e24485cea50d1cbac27 -> 
  custom:video-decoder-webm-vp8: 9c59270c3fd7afecdb556c50c9e8de78 -> 
  custom:audio-decoder-ogg-vorbis: bf7c407c2cedff20999df2af8eb42d56 -> 
========================================================================
Received Import Request.
  Time since last request: 725217.573069 seconds.
  path: Assets/FBX/fox.fbx
  artifactKey: Guid(bc86426de52b7a0459435d3fd85cd80f) Importer(815301076,1909f56bfc062723c751e8b465ee728b)
Start importing Assets/FBX/fox.fbx using Guid(bc86426de52b7a0459435d3fd85cd80f) Importer(815301076,1909f56bfc062723c751e8b465ee728b)  -> (artifact id: '482bed8dddd26abf5da95ac2141da924') in 0.227940 seconds 
========================================================================
Received Import Request.
  Time since last request: 316.088842 seconds.
  path: Assets/Models/arrow.dae
  artifactKey: Guid(3d74aa2aec035b84ab3ecd30c58420cf) Importer(815301076,1909f56bfc062723c751e8b465ee728b)
Start importing Assets/Models/arrow.dae using Guid(3d74aa2aec035b84ab3ecd30c58420cf) Importer(815301076,1909f56bfc062723c751e8b465ee728b)  -> (artifact id: '62f5c20ec5b73efa36a59d7797fbfdfa') in 0.076257 seconds 
========================================================================
Received Import Request.
  Time since last request: 0.000025 seconds.
  path: Assets/Models/blockCliffCorner.dae
  artifactKey: Guid(281bf7ff7051c454da69031b60638bc2) Importer(815301076,1909f56bfc062723c751e8b465ee728b)
Start importing Assets/Models/blockCliffCorner.dae using Guid(281bf7ff7051c454da69031b60638bc2) Importer(815301076,1909f56bfc062723c751e8b465ee728b)  -> (artifact id: 'cc224a2290f43e4e9a8605992731d6ef') in 0.031781 seconds 
========================================================================
Received Import Request.
  Time since last request: 0.000020 seconds.
  path: Assets/Models/blockLevel.dae
  artifactKey: Guid(7ba8613363bc7f94c82897659c149edd) Importer(815301076,1909f56bfc062723c751e8b465ee728b)
Start importing Assets/Models/blockLevel.dae using Guid(7ba8613363bc7f94c82897659c149edd) Importer(815301076,1909f56bfc062723c751e8b465ee728b)  -> (artifact id: '36534d42eac393dbfddc7345ca61dae5') in 0.034549 seconds 
========================================================================
Received Import Request.
  Time since last request: 0.000031 seconds.
  path: Assets/Models/blockCurveHalf.dae
  artifactKey: Guid(ae0d3f35106e34545a339311ab5085e6) Importer(815301076,1909f56bfc062723c751e8b465ee728b)
Start importing Assets/Models/blockCurveHalf.dae using Guid(ae0d3f35106e34545a339311ab5085e6) Importer(815301076,1909f56bfc062723c751e8b465ee728b)  -> (artifact id: 'c7d8418a27028c94d68511d0e54201fc') in 0.034564 seconds 
========================================================================
Received Import Request.
  Time since last request: 0.000041 seconds.
  path: Assets/Models/blockDirt.dae
  artifactKey: Guid(d2493934fd432134baa5c27f3faedf25) Importer(815301076,1909f56bfc062723c751e8b465ee728b)
Start importing Assets/Models/blockDirt.dae using Guid(d2493934fd432134baa5c27f3faedf25) Importer(815301076,1909f56bfc062723c751e8b465ee728b)  -> (artifact id: '04391eac070c586e0e1ab89a04482c9d') in 0.029288 seconds 
========================================================================
Received Import Request.
  Time since last request: 0.000030 seconds.
  path: Assets/Models/blockLarge.dae
  artifactKey: Guid(1bb4737993aa66f45b489fb5dfbec388) Importer(815301076,1909f56bfc062723c751e8b465ee728b)
Start importing Assets/Models/blockLarge.dae using Guid(1bb4737993aa66f45b489fb5dfbec388) Importer(815301076,1909f56bfc062723c751e8b465ee728b)  -> (artifact id: '68f227422f979f3372f8489de29f51dc') in 0.032933 seconds 
========================================================================
Received Import Request.
  Time since last request: 0.000023 seconds.
  path: Assets/Models/barrel.dae
  artifactKey: Guid(c9aa740fbb93e764ea836f52fbb4e21e) Importer(815301076,1909f56bfc062723c751e8b465ee728b)
Start importing Assets/Models/barrel.dae using Guid(c9aa740fbb93e764ea836f52fbb4e21e) Importer(815301076,1909f56bfc062723c751e8b465ee728b)  -> (artifact id: 'bccaf0f7a0db355cb33649e9ba271374') in 0.039354 seconds 
========================================================================
Received Import Request.
  Time since last request: 0.000027 seconds.
  path: Assets/Models/blockEnd.dae
  artifactKey: Guid(90bb30a8c9244bb4b91d26b8eb3dd8a4) Importer(815301076,1909f56bfc062723c751e8b465ee728b)
Start importing Assets/Models/blockEnd.dae using Guid(90bb30a8c9244bb4b91d26b8eb3dd8a4) Importer(815301076,1909f56bfc062723c751e8b465ee728b)  -> (artifact id: 'a7e0cf670cfaab8a6be9161464fd43af') in 0.031762 seconds 
========================================================================
Received Import Request.
  Time since last request: 0.000025 seconds.
  path: Assets/Models/blockMovingLarge.dae
  artifactKey: Guid(ff266b34153e87e4f8b19ad863aa6e4f) Importer(815301076,1909f56bfc062723c751e8b465ee728b)
Start importing Assets/Models/blockMovingLarge.dae using Guid(ff266b34153e87e4f8b19ad863aa6e4f) Importer(815301076,1909f56bfc062723c751e8b465ee728b)  -> (artifact id: 'cf7fc69486f936d04bd06e12d2adaa74') in 0.039936 seconds 
========================================================================
Received Import Request.
  Time since last request: 0.000030 seconds.
  path: Assets/Models/blockCornerSmall.dae
  artifactKey: Guid(967e9ffa7826bca45ad4d8f8b285a483) Importer(815301076,1909f56bfc062723c751e8b465ee728b)
Start importing Assets/Models/blockCornerSmall.dae using Guid(967e9ffa7826bca45ad4d8f8b285a483) Importer(815301076,1909f56bfc062723c751e8b465ee728b)  -> (artifact id: 'e15dc867167094dca20466c4661068b7') in 0.033188 seconds 
========================================================================
Received Import Request.
  Time since last request: 0.000050 seconds.
  path: Assets/Models/blockCurveLow.dae
  artifactKey: Guid(cf979ae37e85fb340938c54525abae46) Importer(815301076,1909f56bfc062723c751e8b465ee728b)
Start importing Assets/Models/blockCurveLow.dae using Guid(cf979ae37e85fb340938c54525abae46) Importer(815301076,1909f56bfc062723c751e8b465ee728b)  -> (artifact id: 'f0e1bf739b4e0a42e230add909b34d17') in 0.033984 seconds 
========================================================================
Received Import Request.
  Time since last request: 0.000024 seconds.
  path: Assets/Models/blockHalf.dae
  artifactKey: Guid(a097724dd0954614a9f9a5dc5405ce4e) Importer(815301076,1909f56bfc062723c751e8b465ee728b)
Start importing Assets/Models/blockHalf.dae using Guid(a097724dd0954614a9f9a5dc5405ce4e) Importer(815301076,1909f56bfc062723c751e8b465ee728b)  -> (artifact id: 'c74488372ded343fcf11efac8a6e5ad7') in 0.036025 seconds 
========================================================================
Received Import Request.
  Time since last request: 0.000025 seconds.
  path: Assets/Models/blockDirtRamp.dae
  artifactKey: Guid(543b566f8f500f348b4b91ed8fc0bd29) Importer(815301076,1909f56bfc062723c751e8b465ee728b)
Start importing Assets/Models/blockDirtRamp.dae using Guid(543b566f8f500f348b4b91ed8fc0bd29) Importer(815301076,1909f56bfc062723c751e8b465ee728b)  -> (artifact id: 'c64be3ee7f0e7d4a75ff5a7406d9969c') in 0.027233 seconds 
========================================================================
Received Import Request.
  Time since last request: 0.000025 seconds.
  path: Assets/Models/blockHexagonLow.dae
  artifactKey: Guid(ef472318202acab4ba02fbf4a0b76d9d) Importer(815301076,1909f56bfc062723c751e8b465ee728b)
Start importing Assets/Models/blockHexagonLow.dae using Guid(ef472318202acab4ba02fbf4a0b76d9d) Importer(815301076,1909f56bfc062723c751e8b465ee728b)  -> (artifact id: '665a5f0d8464ce4cc34c48678ac0d6ad') in 0.034132 seconds 
========================================================================
Received Import Request.
  Time since last request: 0.000024 seconds.
  path: Assets/Models/blockCornerLarge.dae
  artifactKey: Guid(fc9f6545a0b4b6b4991636e84f7b4f45) Importer(815301076,1909f56bfc062723c751e8b465ee728b)
Start importing Assets/Models/blockCornerLarge.dae using Guid(fc9f6545a0b4b6b4991636e84f7b4f45) Importer(815301076,1909f56bfc062723c751e8b465ee728b)  -> (artifact id: 'e21a25c8017a785c7b07e4862f6c57be') in 0.033054 seconds 
========================================================================
Received Import Request.
  Time since last request: 0.000032 seconds.
  path: Assets/Models/blockDirtRampHalf.dae
  artifactKey: Guid(a1b8a046194b1e442a177d2ed60f2923) Importer(815301076,1909f56bfc062723c751e8b465ee728b)
Start importing Assets/Models/blockDirtRampHalf.dae using Guid(a1b8a046194b1e442a177d2ed60f2923) Importer(815301076,1909f56bfc062723c751e8b465ee728b)  -> (artifact id: 'eef3b5d86b6751aa0a28ef15718376fd') in 0.028926 seconds 
========================================================================
Received Import Request.
  Time since last request: 0.000034 seconds.
  path: Assets/Models/blockLong.dae
  artifactKey: Guid(1e107f32ffd653243b9fa6f5c284eb46) Importer(815301076,1909f56bfc062723c751e8b465ee728b)
Start importing Assets/Models/blockLong.dae using Guid(1e107f32ffd653243b9fa6f5c284eb46) Importer(815301076,1909f56bfc062723c751e8b465ee728b)  -> (artifact id: '94a3341dc37e4958107a21de3cdfe60f') in 0.032567 seconds 
========================================================================
Received Import Request.
  Time since last request: 0.000038 seconds.
  path: Assets/Models/blockHexagon.dae
  artifactKey: Guid(873f36ca2f571894897603c929499607) Importer(815301076,1909f56bfc062723c751e8b465ee728b)
Start importing Assets/Models/blockHexagon.dae using Guid(873f36ca2f571894897603c929499607) Importer(815301076,1909f56bfc062723c751e8b465ee728b)  -> (artifact id: '1c0b2c3149ec6e9b00bee699ab63da0e') in 0.032059 seconds 
========================================================================
Received Import Request.
  Time since last request: 0.000032 seconds.
  path: Assets/Models/blockCurve.dae
  artifactKey: Guid(70c53a1100c9a5a4aba951dff962c7ac) Importer(815301076,1909f56bfc062723c751e8b465ee728b)
Start importing Assets/Models/blockCurve.dae using Guid(70c53a1100c9a5a4aba951dff962c7ac) Importer(815301076,1909f56bfc062723c751e8b465ee728b)  -> (artifact id: '8776431a09d0299fe3443a1be4709a88') in 0.032734 seconds 
========================================================================
Received Import Request.
  Time since last request: 0.000026 seconds.
  path: Assets/Models/blockCliff.dae
  artifactKey: Guid(707cb2f862a461841af0ff80dca03e0e) Importer(815301076,1909f56bfc062723c751e8b465ee728b)
Start importing Assets/Models/blockCliff.dae using Guid(707cb2f862a461841af0ff80dca03e0e) Importer(815301076,1909f56bfc062723c751e8b465ee728b)  -> (artifact id: 'cb9e302ab2fac3d850deaed5b46ecd07') in 0.034214 seconds 
========================================================================
Received Import Request.
  Time since last request: 0.000027 seconds.
  path: Assets/Models/block.dae
  artifactKey: Guid(9c25dd4610f3cf543adb1aff0496cad6) Importer(815301076,1909f56bfc062723c751e8b465ee728b)
Start importing Assets/Models/block.dae using Guid(9c25dd4610f3cf543adb1aff0496cad6) Importer(815301076,1909f56bfc062723c751e8b465ee728b)  -> (artifact id: '9031e78d9624a69b5428fed7eaa2d9d8') in 0.029085 seconds 
========================================================================
Received Import Request.
  Time since last request: 0.000035 seconds.
  path: Assets/Models/arrows.dae
  artifactKey: Guid(b42dbf527b61ee448bae71b4238a9563) Importer(815301076,1909f56bfc062723c751e8b465ee728b)
Start importing Assets/Models/arrows.dae using Guid(b42dbf527b61ee448bae71b4238a9563) Importer(815301076,1909f56bfc062723c751e8b465ee728b)  -> (artifact id: '4c95861a11020dba15f3e926b173df34') in 0.037801 seconds 
========================================================================
Received Import Request.
  Time since last request: 0.000027 seconds.
  path: Assets/Models/blockDirtHalf.dae
  artifactKey: Guid(18328e8d5dffa064594823554aa98e51) Importer(815301076,1909f56bfc062723c751e8b465ee728b)
Start importing Assets/Models/blockDirtHalf.dae using Guid(18328e8d5dffa064594823554aa98e51) Importer(815301076,1909f56bfc062723c751e8b465ee728b)  -> (artifact id: '20da45553ae7d3506903c7e683a6ab55') in 0.029115 seconds 
========================================================================
Received Import Request.
  Time since last request: 0.000035 seconds.
  path: Assets/Models/blockMovingBlue.dae
  artifactKey: Guid(939b6ee5aba523b438d7ff8c8ab61312) Importer(815301076,1909f56bfc062723c751e8b465ee728b)
Start importing Assets/Models/blockMovingBlue.dae using Guid(939b6ee5aba523b438d7ff8c8ab61312) Importer(815301076,1909f56bfc062723c751e8b465ee728b)  -> (artifact id: 'd1181c60b0aee4983b966e21957470db') in 0.037376 seconds 
========================================================================
Received Import Request.
  Time since last request: 6.235078 seconds.
  path: Assets/FBX
  artifactKey: Guid(baab0066142940a49acedc28337ea95e) Importer(815301076,1909f56bfc062723c751e8b465ee728b)
Start importing Assets/FBX using Guid(baab0066142940a49acedc28337ea95e) Importer(815301076,1909f56bfc062723c751e8b465ee728b)  -> (artifact id: 'd97c4f27ab0b154ad0955ca1b52dc806') in 0.007778 seconds 
========================================================================
Received Import Request.
  Time since last request: 666.689322 seconds.
  path: Assets/Models/ladder.dae
  artifactKey: Guid(bdd91f9a948a25f469e1120eeea556b2) Importer(815301076,1909f56bfc062723c751e8b465ee728b)
Start importing Assets/Models/ladder.dae using Guid(bdd91f9a948a25f469e1120eeea556b2) Importer(815301076,1909f56bfc062723c751e8b465ee728b)  -> (artifact id: '15ee37b81007384ee658539828ac796e') in 0.056185 seconds 
========================================================================
Received Import Request.
  Time since last request: 0.000028 seconds.
  path: Assets/Models/sign.dae
  artifactKey: Guid(af16f0b2725675b4dbd0b2795f3f3769) Importer(815301076,1909f56bfc062723c751e8b465ee728b)
Start importing Assets/Models/sign.dae using Guid(af16f0b2725675b4dbd0b2795f3f3769) Importer(815301076,1909f56bfc062723c751e8b465ee728b)  -> (artifact id: '1db4b923c81cd8a75e08cb08f908525e') in 0.036731 seconds 
========================================================================
Received Import Request.
  Time since last request: 0.000025 seconds.
  path: Assets/Models/rocks.dae
  artifactKey: Guid(f922b578f3fb66040a2df9b6816ced6c) Importer(815301076,1909f56bfc062723c751e8b465ee728b)
Start importing Assets/Models/rocks.dae using Guid(f922b578f3fb66040a2df9b6816ced6c) Importer(815301076,1909f56bfc062723c751e8b465ee728b)  -> (artifact id: 'f54e8985f5eec9bb9f158c1ca52989d2') in 0.034811 seconds 
========================================================================
Received Import Request.
  Time since last request: 0.000032 seconds.
  path: Assets/Models/blockRoundedLarge.dae
  artifactKey: Guid(cefef5ac65d655649acc8d08cdbbe001) Importer(815301076,1909f56bfc062723c751e8b465ee728b)
Start importing Assets/Models/blockRoundedLarge.dae using Guid(cefef5ac65d655649acc8d08cdbbe001) Importer(815301076,1909f56bfc062723c751e8b465ee728b)  -> (artifact id: '694ba8ef50faa69d6839c0913771827d') in 0.032966 seconds 
========================================================================
Received Import Request.
  Time since last request: 0.000022 seconds.
  path: Assets/Models/fenceLowBroken.dae
  artifactKey: Guid(07a34f09b90bba940a3de3f2ca2e3533) Importer(815301076,1909f56bfc062723c751e8b465ee728b)
Start importing Assets/Models/fenceLowBroken.dae using Guid(07a34f09b90bba940a3de3f2ca2e3533) Importer(815301076,1909f56bfc062723c751e8b465ee728b)  -> (artifact id: '036caac742bcdaaea77335a4bb8860f1') in 0.038508 seconds 
========================================================================
Received Import Request.
  Time since last request: 0.000028 seconds.
  path: Assets/Models/blockSnowRoundedLong.dae
  artifactKey: Guid(77aab8acdb99702438149709f3d771f6) Importer(815301076,1909f56bfc062723c751e8b465ee728b)
Start importing Assets/Models/blockSnowRoundedLong.dae using Guid(77aab8acdb99702438149709f3d771f6) Importer(815301076,1909f56bfc062723c751e8b465ee728b)  -> (artifact id: '9acdda8b5480bb58a2766670ee115aef') in 0.033700 seconds 
========================================================================
Received Import Request.
  Time since last request: 0.000027 seconds.
  path: Assets/Models/treePineSnow.dae
  artifactKey: Guid(54b7fda877e32ec4682a368b69c6eb48) Importer(815301076,1909f56bfc062723c751e8b465ee728b)
Start importing Assets/Models/treePineSnow.dae using Guid(54b7fda877e32ec4682a368b69c6eb48) Importer(815301076,1909f56bfc062723c751e8b465ee728b)  -> (artifact id: '1e8dce3788e36af8e0a9c891ed6f2fb8') in 0.035791 seconds 
========================================================================
Received Import Request.
  Time since last request: 0.000025 seconds.
  path: Assets/Models/flag.dae
  artifactKey: Guid(369b7bd5cbdabd244b06b4facaae8b30) Importer(815301076,1909f56bfc062723c751e8b465ee728b)
Start importing Assets/Models/flag.dae using Guid(369b7bd5cbdabd244b06b4facaae8b30) Importer(815301076,1909f56bfc062723c751e8b465ee728b)  -> (artifact id: '50554117fae4fabd7793ef7f65c6bf16') in 0.040068 seconds 
========================================================================
Received Import Request.
  Time since last request: 0.000033 seconds.
  path: Assets/Models/blockSnowQuarter.dae
  artifactKey: Guid(474ddc9e48b61224d8b5fb7507b85589) Importer(815301076,1909f56bfc062723c751e8b465ee728b)
Start importing Assets/Models/blockSnowQuarter.dae using Guid(474ddc9e48b61224d8b5fb7507b85589) Importer(815301076,1909f56bfc062723c751e8b465ee728b)  -> (artifact id: 'dfc13a4a1b1f0254c6b13ef2eb5274fa') in 0.035573 seconds 
========================================================================
Received Import Request.
  Time since last request: 0.000043 seconds.
  path: Assets/Models/buttonRound.dae
  artifactKey: Guid(509d75be96474914084c31cd7e9aaa79) Importer(815301076,1909f56bfc062723c751e8b465ee728b)
Start importing Assets/Models/buttonRound.dae using Guid(509d75be96474914084c31cd7e9aaa79) Importer(815301076,1909f56bfc062723c751e8b465ee728b)  -> (artifact id: '035d174b8febe1fe93c8a01d9356dc2a') in 0.051457 seconds 
========================================================================
Received Import Request.
  Time since last request: 0.000054 seconds.
  path: Assets/Models/flowersLow.dae
  artifactKey: Guid(ef684e9e7b794d04ba81453566d42644) Importer(815301076,1909f56bfc062723c751e8b465ee728b)
Start importing Assets/Models/flowersLow.dae using Guid(ef684e9e7b794d04ba81453566d42644) Importer(815301076,1909f56bfc062723c751e8b465ee728b)  -> (artifact id: '3cd4271c35fb73a7ad79c25f9faa7660') in 0.043311 seconds 
========================================================================
Received Import Request.
  Time since last request: 0.000028 seconds.
  path: Assets/Models/blockSnowCurve.dae
  artifactKey: Guid(adf5f08802001aa449d972d7587adf4d) Importer(815301076,1909f56bfc062723c751e8b465ee728b)
Start importing Assets/Models/blockSnowCurve.dae using Guid(adf5f08802001aa449d972d7587adf4d) Importer(815301076,1909f56bfc062723c751e8b465ee728b)  -> (artifact id: '7fee757b8debf344ff5e6f1059f9ba58') in 0.035441 seconds 
========================================================================
Received Import Request.
  Time since last request: 0.000034 seconds.
  path: Assets/Models/blockRoundedLow.dae
  artifactKey: Guid(f96731b338fe9bd4494710c8b9106707) Importer(815301076,1909f56bfc062723c751e8b465ee728b)
Start importing Assets/Models/blockRoundedLow.dae using Guid(f96731b338fe9bd4494710c8b9106707) Importer(815301076,1909f56bfc062723c751e8b465ee728b)  -> (artifact id: '07ee475ca29fc47db4a4e9fa04714d52') in 0.028902 seconds 
========================================================================
Received Import Request.
  Time since last request: 0.000027 seconds.
  path: Assets/Models/blockRoundedLowLong.dae
  artifactKey: Guid(ec8dea1ada43ab347860a572e407b40b) Importer(815301076,1909f56bfc062723c751e8b465ee728b)
Start importing Assets/Models/blockRoundedLowLong.dae using Guid(ec8dea1ada43ab347860a572e407b40b) Importer(815301076,1909f56bfc062723c751e8b465ee728b)  -> (artifact id: '875a0bbfc8585ba18585cf8416f916c0') in 0.029038 seconds 
========================================================================
Received Import Request.
  Time since last request: 0.000030 seconds.
  path: Assets/Models/flowers.dae
  artifactKey: Guid(6925a69b814d4874a8b23be2f830f143) Importer(815301076,1909f56bfc062723c751e8b465ee728b)
Start importing Assets/Models/flowers.dae using Guid(6925a69b814d4874a8b23be2f830f143) Importer(815301076,1909f56bfc062723c751e8b465ee728b)  -> (artifact id: '539683de2a6beae1eb7d8f6c0f970745') in 0.042678 seconds 
========================================================================
Received Import Request.
  Time since last request: 0.000039 seconds.
  path: Assets/Models/blockSnowCornerSmall.dae
  artifactKey: Guid(34b9e6f37b2965d43ade98d9a6bf3c0c) Importer(815301076,1909f56bfc062723c751e8b465ee728b)
Start importing Assets/Models/blockSnowCornerSmall.dae using Guid(34b9e6f37b2965d43ade98d9a6bf3c0c) Importer(815301076,1909f56bfc062723c751e8b465ee728b)  -> (artifact id: '81b8d94fb957c61f6102e9b7c2982497') in 0.034872 seconds 
========================================================================
Received Import Request.
  Time since last request: 0.000024 seconds.
  path: Assets/Models/blockSnowHalf.dae
  artifactKey: Guid(0c245cd2f834af24ab4a486271fedd9e) Importer(815301076,1909f56bfc062723c751e8b465ee728b)
Start importing Assets/Models/blockSnowHalf.dae using Guid(0c245cd2f834af24ab4a486271fedd9e) Importer(815301076,1909f56bfc062723c751e8b465ee728b)  -> (artifact id: 'e5ce75b622eb9d529b612e08c1f746ad') in 0.034552 seconds 
========================================================================
Received Import Request.
  Time since last request: 0.000043 seconds.
  path: Assets/Models/fenceLow.dae
  artifactKey: Guid(bd56142cc7161a841a5fdef4ef847f5b) Importer(815301076,1909f56bfc062723c751e8b465ee728b)
Start importing Assets/Models/fenceLow.dae using Guid(bd56142cc7161a841a5fdef4ef847f5b) Importer(815301076,1909f56bfc062723c751e8b465ee728b)  -> (artifact id: '125de4bf04cdfc176c932cd56d05651e') in 0.038761 seconds 
========================================================================
Received Import Request.
  Time since last request: 0.000029 seconds.
  path: Assets/Models/blockQuarter.dae
  artifactKey: Guid(1e07e793724306347a35fce7a77a9790) Importer(815301076,1909f56bfc062723c751e8b465ee728b)
Start importing Assets/Models/blockQuarter.dae using Guid(1e07e793724306347a35fce7a77a9790) Importer(815301076,1909f56bfc062723c751e8b465ee728b)  -> (artifact id: '62e4312a829dcedd28b8ce06d204174c') in 0.031143 seconds 
========================================================================
Received Import Request.
  Time since last request: 0.000024 seconds.
  path: Assets/Models/blockRounded.dae
  artifactKey: Guid(678b0d75bc26d034c95b4dc95ebce34a) Importer(815301076,1909f56bfc062723c751e8b465ee728b)
Start importing Assets/Models/blockRounded.dae using Guid(678b0d75bc26d034c95b4dc95ebce34a) Importer(815301076,1909f56bfc062723c751e8b465ee728b)  -> (artifact id: '67799a64a89aceec4cc61f505233b36b') in 0.033835 seconds 
========================================================================
Received Import Request.
  Time since last request: 0.000024 seconds.
  path: Assets/Models/blockSnowRounded.dae
  artifactKey: Guid(180dc94d76e76bb4eab22e482c952c39) Importer(815301076,1909f56bfc062723c751e8b465ee728b)
Start importing Assets/Models/blockSnowRounded.dae using Guid(180dc94d76e76bb4eab22e482c952c39) Importer(815301076,1909f56bfc062723c751e8b465ee728b)  -> (artifact id: '29cdb1370ff07a95c137452c7788d3f3') in 0.034612 seconds 
========================================================================
Received Import Request.
  Time since last request: 0.000034 seconds.
  path: Assets/Models/blockSnowCurveHalf.dae
  artifactKey: Guid(a652b2c4c0fefaf4d957f20ef8b96ee9) Importer(815301076,1909f56bfc062723c751e8b465ee728b)
Start importing Assets/Models/blockSnowCurveHalf.dae using Guid(a652b2c4c0fefaf4d957f20ef8b96ee9) Importer(815301076,1909f56bfc062723c751e8b465ee728b)  -> (artifact id: '260e1d700e8617337fd284940a56e0a9') in 0.031944 seconds 
========================================================================
Received Import Request.
  Time since last request: 0.000032 seconds.
  path: Assets/Models/blockSnowRoundedLarge.dae
  artifactKey: Guid(b3e17f2c8614e4e42a5ae9dd49455dd6) Importer(815301076,1909f56bfc062723c751e8b465ee728b)
Start importing Assets/Models/blockSnowRoundedLarge.dae using Guid(b3e17f2c8614e4e42a5ae9dd49455dd6) Importer(815301076,1909f56bfc062723c751e8b465ee728b)  -> (artifact id: 'a0f18d128a4f0fa550e1d87682b3d51c') in 0.035764 seconds 
========================================================================
Received Import Request.
  Time since last request: 0.000022 seconds.
  path: Assets/Models/spikeBlockWide.dae
  artifactKey: Guid(09334e7128257e2418aa46db3cec392a) Importer(815301076,1909f56bfc062723c751e8b465ee728b)
Start importing Assets/Models/spikeBlockWide.dae using Guid(09334e7128257e2418aa46db3cec392a) Importer(815301076,1909f56bfc062723c751e8b465ee728b)  -> (artifact id: '8e04706b10ed73a8c6c5333865541a1a') in 0.035010 seconds 
========================================================================
Received Import Request.
  Time since last request: 0.000027 seconds.
  path: Assets/Models/treePineSmall.dae
  artifactKey: Guid(917081850f7377045bf7f4fc49d119cc) Importer(815301076,1909f56bfc062723c751e8b465ee728b)
Start importing Assets/Models/treePineSmall.dae using Guid(917081850f7377045bf7f4fc49d119cc) Importer(815301076,1909f56bfc062723c751e8b465ee728b)  -> (artifact id: '4a036290d9bbc1ecfe12d6cbdf0884a8') in 0.037575 seconds 
========================================================================
Received Import Request.
  Time since last request: 0.000024 seconds.
  path: Assets/Models/ladderBroken.dae
  artifactKey: Guid(6a1e1b84637175944af2be7cc4ab0a6d) Importer(815301076,1909f56bfc062723c751e8b465ee728b)
Start importing Assets/Models/ladderBroken.dae using Guid(6a1e1b84637175944af2be7cc4ab0a6d) Importer(815301076,1909f56bfc062723c751e8b465ee728b)  -> (artifact id: 'd79e21411eb3218d66edc55a6d2dd3ea') in 0.054638 seconds 
========================================================================
Received Import Request.
  Time since last request: 0.000064 seconds.
  path: Assets/Models/fenceBroken.dae
  artifactKey: Guid(d881c50c8f59a704a813f2f129333d9c) Importer(815301076,1909f56bfc062723c751e8b465ee728b)
Start importing Assets/Models/fenceBroken.dae using Guid(d881c50c8f59a704a813f2f129333d9c) Importer(815301076,1909f56bfc062723c751e8b465ee728b)  -> (artifact id: '790f089745484180313692d251acf818') in 0.048506 seconds 
========================================================================
Received Import Request.
  Time since last request: 0.000033 seconds.
  path: Assets/Models/jewel.dae
  artifactKey: Guid(73dac71ab36250944a9b8ca0f421d56c) Importer(815301076,1909f56bfc062723c751e8b465ee728b)
Start importing Assets/Models/jewel.dae using Guid(73dac71ab36250944a9b8ca0f421d56c) Importer(815301076,1909f56bfc062723c751e8b465ee728b)  -> (artifact id: '98edd2794f50a0093787526431fa5616') in 0.028800 seconds 
========================================================================
Received Import Request.
  Time since last request: 0.000023 seconds.
  path: Assets/Models/blockRoundedLong.dae
  artifactKey: Guid(d56c4f38094896c44b7366077fd10822) Importer(815301076,1909f56bfc062723c751e8b465ee728b)
Start importing Assets/Models/blockRoundedLong.dae using Guid(d56c4f38094896c44b7366077fd10822) Importer(815301076,1909f56bfc062723c751e8b465ee728b)  -> (artifact id: '892b1f8a70656778821b9255123599cc') in 0.032075 seconds 
========================================================================
Received Import Request.
  Time since last request: 0.000023 seconds.
  path: Assets/Models/fence.dae
  artifactKey: Guid(ba80a5e1364f993428bf6210c56c3fb0) Importer(815301076,1909f56bfc062723c751e8b465ee728b)
Start importing Assets/Models/fence.dae using Guid(ba80a5e1364f993428bf6210c56c3fb0) Importer(815301076,1909f56bfc062723c751e8b465ee728b)  -> (artifact id: 'abfa5559de480d5a95ff6201126e8ecc') in 0.037568 seconds 
========================================================================
Received Import Request.
  Time since last request: 0.000024 seconds.
  path: Assets/Models/ladderLong.dae
  artifactKey: Guid(45f8071bcd65ab0438dd7bf5958d7289) Importer(815301076,1909f56bfc062723c751e8b465ee728b)
Start importing Assets/Models/ladderLong.dae using Guid(45f8071bcd65ab0438dd7bf5958d7289) Importer(815301076,1909f56bfc062723c751e8b465ee728b)  -> (artifact id: '4592c03541ec175c729d78f569192eae') in 0.040985 seconds 
========================================================================
Received Import Request.
  Time since last request: 0.000024 seconds.
  path: Assets/Models/spikeBlock.dae
  artifactKey: Guid(c977ddad2eb7f9a408984bfc4d23297c) Importer(815301076,1909f56bfc062723c751e8b465ee728b)
Start importing Assets/Models/spikeBlock.dae using Guid(c977ddad2eb7f9a408984bfc4d23297c) Importer(815301076,1909f56bfc062723c751e8b465ee728b)  -> (artifact id: '0cfc6bcc52332fad6a3f4767b455e28e') in 0.033820 seconds 
========================================================================
Received Import Request.
  Time since last request: 24.637064 seconds.
  path: Assets/FBX/fox.fbx
  artifactKey: Guid(bc86426de52b7a0459435d3fd85cd80f) Importer(815301076,1909f56bfc062723c751e8b465ee728b)
Start importing Assets/FBX/fox.fbx using Guid(bc86426de52b7a0459435d3fd85cd80f) Importer(815301076,1909f56bfc062723c751e8b465ee728b)  -> (artifact id: '51ede8c26c7f89134ebd1fbda8b232f6') in 0.052228 seconds 
========================================================================
Received Import Request.
  Time since last request: 0.000040 seconds.
  path: Assets/FBX/Material.002.mat
  artifactKey: Guid(4985787d63bf43c4da20503cd43d32b3) Importer(815301076,1909f56bfc062723c751e8b465ee728b)
Start importing Assets/FBX/Material.002.mat using Guid(4985787d63bf43c4da20503cd43d32b3) Importer(815301076,1909f56bfc062723c751e8b465ee728b)  -> (artifact id: 'e4de2147039059c3aedd38b7b27fe7c7') in 0.018241 seconds 
========================================================================
Received Import Request.
  Time since last request: 0.000041 seconds.
  path: Assets/FBX/Material.003.mat
  artifactKey: Guid(ebc358d299fd8c14495aa37d4aa80d6e) Importer(815301076,1909f56bfc062723c751e8b465ee728b)
Start importing Assets/FBX/Material.003.mat using Guid(ebc358d299fd8c14495aa37d4aa80d6e) Importer(815301076,1909f56bfc062723c751e8b465ee728b)  -> (artifact id: '35eb6f77b286acd5fc9b4ad1df7ce603') in 0.015736 seconds 
========================================================================
Received Import Request.
  Time since last request: 0.000031 seconds.
  path: Assets/FBX/Material.001.mat
  artifactKey: Guid(1186510019709ce47a957f9563f00f97) Importer(815301076,1909f56bfc062723c751e8b465ee728b)
Start importing Assets/FBX/Material.001.mat using Guid(1186510019709ce47a957f9563f00f97) Importer(815301076,1909f56bfc062723c751e8b465ee728b)  -> (artifact id: 'babf4274b4b6e98156a5833e1a5dd108') in 0.016851 seconds 
========================================================================
Received Import Request.
  Time since last request: 0.000035 seconds.
  path: Assets/FBX/Material.mat
  artifactKey: Guid(3715b45d35ad71e438d4e16d609bfffe) Importer(815301076,1909f56bfc062723c751e8b465ee728b)
Start importing Assets/FBX/Material.mat using Guid(3715b45d35ad71e438d4e16d609bfffe) Importer(815301076,1909f56bfc062723c751e8b465ee728b)  -> (artifact id: '12f9749bb631f1e328056a8fc9f70e73') in 0.014341 seconds 
========================================================================
Received Import Request.
  Time since last request: 472.273201 seconds.
  path: Assets/FBX/fox.fbx
  artifactKey: Guid(bc86426de52b7a0459435d3fd85cd80f) Importer(815301076,1909f56bfc062723c751e8b465ee728b)
Start importing Assets/FBX/fox.fbx using Guid(bc86426de52b7a0459435d3fd85cd80f) Importer(815301076,1909f56bfc062723c751e8b465ee728b)  -> (artifact id: '5128a3f1ad4ccb68951139edb3c86695') in 0.050818 seconds 
========================================================================
Received Import Request.
  Time since last request: 0.000027 seconds.
  path: Assets/FBX/Material.003.mat
  artifactKey: Guid(ebc358d299fd8c14495aa37d4aa80d6e) Importer(815301076,1909f56bfc062723c751e8b465ee728b)
Start importing Assets/FBX/Material.003.mat using Guid(ebc358d299fd8c14495aa37d4aa80d6e) Importer(815301076,1909f56bfc062723c751e8b465ee728b)  -> (artifact id: '481f378f94d9cb9ce1675dacae3bfa81') in 0.012985 seconds 
========================================================================
Received Import Request.
  Time since last request: 0.000023 seconds.
  path: Assets/FBX/Material.001.mat
  artifactKey: Guid(1186510019709ce47a957f9563f00f97) Importer(815301076,1909f56bfc062723c751e8b465ee728b)
Start importing Assets/FBX/Material.001.mat using Guid(1186510019709ce47a957f9563f00f97) Importer(815301076,1909f56bfc062723c751e8b465ee728b)  -> (artifact id: '25a03345f0c291466d6aa6eaa872138b') in 0.016338 seconds 
========================================================================
Received Import Request.
  Time since last request: 0.000023 seconds.
  path: Assets/FBX/Material.mat
  artifactKey: Guid(3715b45d35ad71e438d4e16d609bfffe) Importer(815301076,1909f56bfc062723c751e8b465ee728b)
Start importing Assets/FBX/Material.mat using Guid(3715b45d35ad71e438d4e16d609bfffe) Importer(815301076,1909f56bfc062723c751e8b465ee728b)  -> (artifact id: 'c671db4f01b997f0a937482e5e08527e') in 0.014881 seconds 
========================================================================
Received Import Request.
  Time since last request: 10.189748 seconds.
  path: Assets/FBX/fox.fbx
  artifactKey: Guid(bc86426de52b7a0459435d3fd85cd80f) Importer(815301076,1909f56bfc062723c751e8b465ee728b)
Start importing Assets/FBX/fox.fbx using Guid(bc86426de52b7a0459435d3fd85cd80f) Importer(815301076,1909f56bfc062723c751e8b465ee728b)  -> (artifact id: 'cb41893e56175ec3bc8a7d819e9018e3') in 0.043510 seconds 
========================================================================
Received Import Request.
  Time since last request: 0.000029 seconds.
  path: Assets/FBX/Material.mat
  artifactKey: Guid(3715b45d35ad71e438d4e16d609bfffe) Importer(815301076,1909f56bfc062723c751e8b465ee728b)
Start importing Assets/FBX/Material.mat using Guid(3715b45d35ad71e438d4e16d609bfffe) Importer(815301076,1909f56bfc062723c751e8b465ee728b)  -> (artifact id: '87cf663f1ee24f7c33624702883e7215') in 0.016643 seconds 
========================================================================
Received Prepare
Registering precompiled user dll's ...
Registered in 0.006991 seconds.
Begin MonoManager ReloadAssembly
Symbol file LoadedFromMemory doesn't match image C:\Users\ja\Desktop\unity\My project\Library\PackageCache\com.unity.visualscripting@1.7.8\Editor\VisualScripting.Core\Dependencies\YamlDotNet\Unity.VisualScripting.YamlDotNet.dll
Symbol file LoadedFromMemory doesn't match image C:\Users\ja\Desktop\unity\My project\Library\PackageCache\com.unity.visualscripting@1.7.8\Editor\VisualScripting.Core\Dependencies\DotNetZip\Unity.VisualScripting.IonicZip.dll
Native extension for WindowsStandalone target not found
Native extension for WebGL target not found
Refreshing native plugins compatible for Editor in 2.08 ms, found 3 plugins.
Preloading 0 native plugins for Editor in 0.00 ms.
Mono: successfully reloaded assembly
- Completed reload, in  1.615 seconds
Domain Reload Profiling:
	ReloadAssembly (1615ms)
		BeginReloadAssembly (173ms)
			ExecutionOrderSort (0ms)
			DisableScriptedObjects (7ms)
			BackupInstance (0ms)
			ReleaseScriptingObjects (0ms)
			CreateAndSetChildDomain (53ms)
		EndReloadAssembly (1312ms)
			LoadAssemblies (141ms)
			RebuildTransferFunctionScriptingTraits (0ms)
			SetupTypeCache (416ms)
			ReleaseScriptCaches (3ms)
			RebuildScriptCaches (77ms)
			SetupLoadedEditorAssemblies (612ms)
				LogAssemblyErrors (0ms)
				InitializePlatformSupportModulesInManaged (18ms)
				SetLoadedEditorAssemblies (1ms)
				RefreshPlugins (2ms)
				BeforeProcessingInitializeOnLoad (121ms)
				ProcessInitializeOnLoadAttributes (345ms)
				ProcessInitializeOnLoadMethodAttributes (117ms)
				AfterProcessingInitializeOnLoad (8ms)
				EditorAssembliesLoaded (0ms)
			ExecutionOrderSort2 (0ms)
			AwakeInstancesAfterBackupRestoration (15ms)
Platform modules already initialized, skipping
Refreshing native plugins compatible for Editor in 3.64 ms, found 3 plugins.
Preloading 0 native plugins for Editor in 0.00 ms.
Unloading 5264 Unused Serialized files (Serialized files now loaded: 0)
Unloading 31 unused Assets / (0.8 MB). Loaded Objects now: 5871.
Memory consumption went from 219.2 MB to 218.4 MB.
Total: 7.028200 ms (FindLiveObjects: 0.642900 ms CreateObjectMapping: 0.247000 ms MarkObjects: 5.388500 ms  DeleteObjects: 0.747500 ms)

AssetImportParameters requested are different than current active one (requested -> active):
  custom:video-decoder-ogg-theora: a1e56fd34408186e4bbccfd4996cb3dc -> 
  custom:container-muxer-webm: aa71ff27fc2769a1b78a27578f13a17b -> 
  custom:container-demuxer-webm: 4f35f7cbe854078d1ac9338744f61a02 -> 
  custom:video-encoder-webm-vp8: eb34c28f22e8b96e1ab97ce403110664 -> 
  custom:audio-encoder-webm-vorbis: bf7c407c2cedff20999df2af8eb42d56 -> 
  custom:framework-win-MediaFoundation: 216162199b28c13a410421893ffa2e32 -> 
  custom:container-demuxer-ogg: 62fdf1f143b41e24485cea50d1cbac27 -> 
  custom:video-decoder-webm-vp8: 9c59270c3fd7afecdb556c50c9e8de78 -> 
  custom:audio-decoder-ogg-vorbis: bf7c407c2cedff20999df2af8eb42d56 -> 
========================================================================
Received Prepare
Registering precompiled user dll's ...
Registered in 0.006912 seconds.
Begin MonoManager ReloadAssembly
Symbol file LoadedFromMemory doesn't match image C:\Users\ja\Desktop\unity\My project\Library\PackageCache\com.unity.visualscripting@1.7.8\Editor\VisualScripting.Core\Dependencies\YamlDotNet\Unity.VisualScripting.YamlDotNet.dll
Symbol file LoadedFromMemory doesn't match image C:\Users\ja\Desktop\unity\My project\Library\PackageCache\com.unity.visualscripting@1.7.8\Editor\VisualScripting.Core\Dependencies\DotNetZip\Unity.VisualScripting.IonicZip.dll
Native extension for WindowsStandalone target not found
Native extension for WebGL target not found
Refreshing native plugins compatible for Editor in 1.65 ms, found 3 plugins.
Preloading 0 native plugins for Editor in 0.00 ms.
Mono: successfully reloaded assembly
- Completed reload, in  1.602 seconds
Domain Reload Profiling:
	ReloadAssembly (1603ms)
		BeginReloadAssembly (192ms)
			ExecutionOrderSort (0ms)
			DisableScriptedObjects (7ms)
			BackupInstance (0ms)
			ReleaseScriptingObjects (0ms)
			CreateAndSetChildDomain (69ms)
		EndReloadAssembly (1283ms)
			LoadAssemblies (128ms)
			RebuildTransferFunctionScriptingTraits (0ms)
			SetupTypeCache (407ms)
			ReleaseScriptCaches (3ms)
			RebuildScriptCaches (73ms)
			SetupLoadedEditorAssemblies (609ms)
				LogAssemblyErrors (0ms)
				InitializePlatformSupportModulesInManaged (18ms)
				SetLoadedEditorAssemblies (1ms)
				RefreshPlugins (2ms)
				BeforeProcessingInitializeOnLoad (119ms)
				ProcessInitializeOnLoadAttributes (346ms)
				ProcessInitializeOnLoadMethodAttributes (113ms)
				AfterProcessingInitializeOnLoad (9ms)
				EditorAssembliesLoaded (0ms)
			ExecutionOrderSort2 (0ms)
			AwakeInstancesAfterBackupRestoration (14ms)
Platform modules already initialized, skipping
Refreshing native plugins compatible for Editor in 3.56 ms, found 3 plugins.
Preloading 0 native plugins for Editor in 0.00 ms.
Unloading 5264 Unused Serialized files (Serialized files now loaded: 0)
Unloading 31 unused Assets / (0.8 MB). Loaded Objects now: 5886.
Memory consumption went from 219.2 MB to 218.4 MB.
Total: 7.064100 ms (FindLiveObjects: 0.787500 ms CreateObjectMapping: 0.256200 ms MarkObjects: 5.273400 ms  DeleteObjects: 0.744300 ms)

AssetImportParameters requested are different than current active one (requested -> active):
  custom:video-decoder-ogg-theora: a1e56fd34408186e4bbccfd4996cb3dc -> 
  custom:container-muxer-webm: aa71ff27fc2769a1b78a27578f13a17b -> 
  custom:container-demuxer-webm: 4f35f7cbe854078d1ac9338744f61a02 -> 
  custom:video-encoder-webm-vp8: eb34c28f22e8b96e1ab97ce403110664 -> 
  custom:audio-encoder-webm-vorbis: bf7c407c2cedff20999df2af8eb42d56 -> 
  custom:framework-win-MediaFoundation: 216162199b28c13a410421893ffa2e32 -> 
  custom:container-demuxer-ogg: 62fdf1f143b41e24485cea50d1cbac27 -> 
  custom:video-decoder-webm-vp8: 9c59270c3fd7afecdb556c50c9e8de78 -> 
  custom:audio-decoder-ogg-vorbis: bf7c407c2cedff20999df2af8eb42d56 -> 
========================================================================
Received Import Request.
  Time since last request: 526.024923 seconds.
  path: Assets/FBX/fox.fbx
  artifactKey: Guid(bc86426de52b7a0459435d3fd85cd80f) Importer(815301076,1909f56bfc062723c751e8b465ee728b)
Start importing Assets/FBX/fox.fbx using Guid(bc86426de52b7a0459435d3fd85cd80f) Importer(815301076,1909f56bfc062723c751e8b465ee728b)  -> (artifact id: '7239f08a466205436713f10f43de7257') in 0.112281 seconds 
========================================================================
Received Import Request.
  Time since last request: 1209.422614 seconds.
  path: Assets/HDRPDefaultResources
  artifactKey: Guid(87ae059103d22d549aa44c6311b216d2) Importer(815301076,1909f56bfc062723c751e8b465ee728b)
Start importing Assets/HDRPDefaultResources using Guid(87ae059103d22d549aa44c6311b216d2) Importer(815301076,1909f56bfc062723c751e8b465ee728b)  -> (artifact id: '98311fbe6f84e6d918d8ac77259cbabc') in 0.008205 seconds 
========================================================================
Received Import Request.
  Time since last request: 2.454466 seconds.
  path: Assets/HDRPDefaultResources/HDRenderPipelineAsset.asset
  artifactKey: Guid(963be979ce8cbc247b75550787ebf9ea) Importer(815301076,1909f56bfc062723c751e8b465ee728b)
Start importing Assets/HDRPDefaultResources/HDRenderPipelineAsset.asset using Guid(963be979ce8cbc247b75550787ebf9ea) Importer(815301076,1909f56bfc062723c751e8b465ee728b)  -> (artifact id: '5043890a5e46c7b5a27dfb2b0492be56') in 0.013097 seconds 
========================================================================
Received Import Request.
  Time since last request: 0.000025 seconds.
  path: Assets/HDRPDefaultResources/HDRenderPipelineGlobalSettings.asset
  artifactKey: Guid(9cd98ddb25595e540841da11a5bf7095) Importer(815301076,1909f56bfc062723c751e8b465ee728b)
Start importing Assets/HDRPDefaultResources/HDRenderPipelineGlobalSettings.asset using Guid(9cd98ddb25595e540841da11a5bf7095) Importer(815301076,1909f56bfc062723c751e8b465ee728b)  -> (artifact id: 'b563173438b986fcbe4665a5ddb74e42') in 0.008301 seconds 
========================================================================
Received Import Request.
  Time since last request: 9.287616 seconds.
  path: Assets/Samples
  artifactKey: Guid(7500544fc43d6c8409b599aa4b422c60) Importer(815301076,1909f56bfc062723c751e8b465ee728b)
Start importing Assets/Samples using Guid(7500544fc43d6c8409b599aa4b422c60) Importer(815301076,1909f56bfc062723c751e8b465ee728b)  -> (artifact id: 'f7d97b69bdbf32789da5eeb8bab211fd') in 0.007614 seconds 
========================================================================
Received Import Request.
  Time since last request: 1.021585 seconds.
  path: Assets/Samples/Cinemachine
  artifactKey: Guid(8da9caeb0276ecb4abd97ca69e533d2a) Importer(815301076,1909f56bfc062723c751e8b465ee728b)
Start importing Assets/Samples/Cinemachine using Guid(8da9caeb0276ecb4abd97ca69e533d2a) Importer(815301076,1909f56bfc062723c751e8b465ee728b)  -> (artifact id: 'f8abb023c91b6fe673812e6a347667f7') in 0.006994 seconds 
========================================================================
Received Import Request.
  Time since last request: 3.210429 seconds.
  path: Assets/TextMesh Pro
  artifactKey: Guid(f54d1bd14bd3ca042bd867b519fee8cc) Importer(815301076,1909f56bfc062723c751e8b465ee728b)
Start importing Assets/TextMesh Pro using Guid(f54d1bd14bd3ca042bd867b519fee8cc) Importer(815301076,1909f56bfc062723c751e8b465ee728b)  -> (artifact id: 'f5648c5ef36b7beab651a001a8d08867') in 0.007182 seconds 
========================================================================
Received Import Request.
  Time since last request: 42.291421 seconds.
  path: Assets/Models/fenceLowCorner.dae
  artifactKey: Guid(e2dc9914cb4e3fa4099973d9de58dc20) Importer(815301076,1909f56bfc062723c751e8b465ee728b)
Start importing Assets/Models/fenceLowCorner.dae using Guid(e2dc9914cb4e3fa4099973d9de58dc20) Importer(815301076,1909f56bfc062723c751e8b465ee728b)  -> (artifact id: '3e18dba4c33f2c44381cf95ce6dbd70b') in 0.051456 seconds 
========================================================================
Received Import Request.
  Time since last request: 0.000027 seconds.
  path: Assets/Models/bridgeHalf.dae
  artifactKey: Guid(0322fc73b637c7149b1cf2218474f1d4) Importer(815301076,1909f56bfc062723c751e8b465ee728b)
Start importing Assets/Models/bridgeHalf.dae using Guid(0322fc73b637c7149b1cf2218474f1d4) Importer(815301076,1909f56bfc062723c751e8b465ee728b)  -> (artifact id: '30f363dfe006b8a4468c0b82ce3008b0') in 0.040102 seconds 
========================================================================
Received Import Request.
  Time since last request: 0.000030 seconds.
  path: Assets/Models/fenceCornerCurved.dae
  artifactKey: Guid(f826ef82ab1390343823d61f1348ffae) Importer(815301076,1909f56bfc062723c751e8b465ee728b)
Start importing Assets/Models/fenceCornerCurved.dae using Guid(f826ef82ab1390343823d61f1348ffae) Importer(815301076,1909f56bfc062723c751e8b465ee728b)  -> (artifact id: '7a98f0e558595653f5f9fb02feb94098') in 0.038671 seconds 
========================================================================
Received Import Request.
  Time since last request: 0.000037 seconds.
  path: Assets/Models/bridge.dae
  artifactKey: Guid(d493b460662555f4b89c2692dca9f82d) Importer(815301076,1909f56bfc062723c751e8b465ee728b)
Start importing Assets/Models/bridge.dae using Guid(d493b460662555f4b89c2692dca9f82d) Importer(815301076,1909f56bfc062723c751e8b465ee728b)  -> (artifact id: '3a6ec481476601e61dca63754021d1df') in 0.032799 seconds 
========================================================================
Received Import Request.
  Time since last request: 0.000034 seconds.
  path: Assets/Models/coinBronze.dae
  artifactKey: Guid(2636f4d30fcbf9c4cb3397a2089329d2) Importer(815301076,1909f56bfc062723c751e8b465ee728b)
Start importing Assets/Models/coinBronze.dae using Guid(2636f4d30fcbf9c4cb3397a2089329d2) Importer(815301076,1909f56bfc062723c751e8b465ee728b)  -> (artifact id: 'bfe427828a1680b8a8d638a6a17c3bb3') in 0.037457 seconds 
========================================================================
Received Import Request.
  Time since last request: 0.000027 seconds.
  path: Assets/Models/fenceLowCornerCurved.dae
  artifactKey: Guid(01c3868e3d496b944802bbdaf080a83a) Importer(815301076,1909f56bfc062723c751e8b465ee728b)
Start importing Assets/Models/fenceLowCornerCurved.dae using Guid(01c3868e3d496b944802bbdaf080a83a) Importer(815301076,1909f56bfc062723c751e8b465ee728b)  -> (artifact id: '6faa1879da3013431bfb17df0a8df50c') in 0.033997 seconds 
========================================================================
Received Import Request.
  Time since last request: 0.000041 seconds.
  path: Assets/Models/fenceCorner.dae
  artifactKey: Guid(2cd922da4615ea44ca77fd55efa7d60e) Importer(815301076,1909f56bfc062723c751e8b465ee728b)
Start importing Assets/Models/fenceCorner.dae using Guid(2cd922da4615ea44ca77fd55efa7d60e) Importer(815301076,1909f56bfc062723c751e8b465ee728b)  -> (artifact id: '9c0d0f43cbe0b5f732d0c8b2fd6ceab2') in 0.035779 seconds 
========================================================================
Received Import Request.
  Time since last request: 20.317081 seconds.
  path: Assets/FBX/New Material.mat
  artifactKey: Guid(044b38fbe4a37714baa175611e1f0f3d) Importer(815301076,1909f56bfc062723c751e8b465ee728b)
Start importing Assets/FBX/New Material.mat using Guid(044b38fbe4a37714baa175611e1f0f3d) Importer(815301076,1909f56bfc062723c751e8b465ee728b)  -> (artifact id: 'd3afde4550d215655360b0b3a09afa95') in 0.014153 seconds 
========================================================================
Received Import Request.
  Time since last request: 177.247660 seconds.
  path: Assets/Animation
  artifactKey: Guid(cf3750b066ee06545b18ac58b3dc9af9) Importer(815301076,1909f56bfc062723c751e8b465ee728b)
Start importing Assets/Animation using Guid(cf3750b066ee06545b18ac58b3dc9af9) Importer(815301076,1909f56bfc062723c751e8b465ee728b)  -> (artifact id: '1c557fd499d5cf0202320a069f19189c') in 0.007089 seconds 
========================================================================
Received Import Request.
  Time since last request: 15.057209 seconds.
  path: Assets/Animation/New Animator Controller.controller
  artifactKey: Guid(de7716f9fc3bd6c4f877cdf034e5aeb2) Importer(815301076,1909f56bfc062723c751e8b465ee728b)
Start importing Assets/Animation/New Animator Controller.controller using Guid(de7716f9fc3bd6c4f877cdf034e5aeb2) Importer(815301076,1909f56bfc062723c751e8b465ee728b)  -> (artifact id: 'fe3c9199741b632f2047fcf7a66e2e7f') in 0.014984 seconds 
========================================================================
Received Import Request.
  Time since last request: 11.582243 seconds.
  path: Assets/Animation/PlayerController.controller
  artifactKey: Guid(de7716f9fc3bd6c4f877cdf034e5aeb2) Importer(815301076,1909f56bfc062723c751e8b465ee728b)
Start importing Assets/Animation/PlayerController.controller using Guid(de7716f9fc3bd6c4f877cdf034e5aeb2) Importer(815301076,1909f56bfc062723c751e8b465ee728b)  -> (artifact id: '52f7e4ba18eca55a8cd0a04c147fbb45') in 0.008296 seconds 
========================================================================
Received Import Request.
  Time since last request: 96.037781 seconds.
  path: Assets/FBX/fox.fbx
  artifactKey: Guid(bc86426de52b7a0459435d3fd85cd80f) Importer(815301076,1909f56bfc062723c751e8b465ee728b)
Start importing Assets/FBX/fox.fbx using Guid(bc86426de52b7a0459435d3fd85cd80f) Importer(815301076,1909f56bfc062723c751e8b465ee728b)  -> (artifact id: 'a9a311dbd35eeffb147eb6be5ab1ed06') in 0.047586 seconds 
========================================================================
Received Import Request.
  Time since last request: 82.148713 seconds.
  path: Assets/FBX/fox.fbx
  artifactKey: Guid(bc86426de52b7a0459435d3fd85cd80f) Importer(815301076,1909f56bfc062723c751e8b465ee728b)
Start importing Assets/FBX/fox.fbx using Guid(bc86426de52b7a0459435d3fd85cd80f) Importer(815301076,1909f56bfc062723c751e8b465ee728b)  -> (artifact id: '8600c6b5f110ddb219a1f8ea9302639c') in 0.051355 seconds 
========================================================================
Received Import Request.
  Time since last request: 53.138467 seconds.
  path: Assets/FBX/fox.fbx
  artifactKey: Guid(bc86426de52b7a0459435d3fd85cd80f) Importer(815301076,1909f56bfc062723c751e8b465ee728b)
Start importing Assets/FBX/fox.fbx using Guid(bc86426de52b7a0459435d3fd85cd80f) Importer(815301076,1909f56bfc062723c751e8b465ee728b)  -> (artifact id: '4d3e5e3c09f495361c77f39caf735fa0') in 0.047460 seconds 
========================================================================
Received Prepare
Registering precompiled user dll's ...
Registered in 0.006939 seconds.
Begin MonoManager ReloadAssembly
Symbol file LoadedFromMemory doesn't match image C:\Users\ja\Desktop\unity\My project\Library\PackageCache\com.unity.visualscripting@1.7.8\Editor\VisualScripting.Core\Dependencies\YamlDotNet\Unity.VisualScripting.YamlDotNet.dll
Symbol file LoadedFromMemory doesn't match image C:\Users\ja\Desktop\unity\My project\Library\PackageCache\com.unity.visualscripting@1.7.8\Editor\VisualScripting.Core\Dependencies\DotNetZip\Unity.VisualScripting.IonicZip.dll
Native extension for WindowsStandalone target not found
Native extension for WebGL target not found
Refreshing native plugins compatible for Editor in 1.58 ms, found 3 plugins.
Preloading 0 native plugins for Editor in 0.00 ms.
Mono: successfully reloaded assembly
- Completed reload, in  1.549 seconds
Domain Reload Profiling:
	ReloadAssembly (1550ms)
		BeginReloadAssembly (188ms)
			ExecutionOrderSort (0ms)
			DisableScriptedObjects (5ms)
			BackupInstance (0ms)
			ReleaseScriptingObjects (0ms)
			CreateAndSetChildDomain (68ms)
		EndReloadAssembly (1238ms)
			LoadAssemblies (133ms)
			RebuildTransferFunctionScriptingTraits (0ms)
			SetupTypeCache (403ms)
			ReleaseScriptCaches (3ms)
			RebuildScriptCaches (68ms)
			SetupLoadedEditorAssemblies (582ms)
				LogAssemblyErrors (0ms)
				InitializePlatformSupportModulesInManaged (17ms)
				SetLoadedEditorAssemblies (1ms)
				RefreshPlugins (2ms)
				BeforeProcessingInitializeOnLoad (116ms)
				ProcessInitializeOnLoadAttributes (333ms)
				ProcessInitializeOnLoadMethodAttributes (107ms)
				AfterProcessingInitializeOnLoad (8ms)
				EditorAssembliesLoaded (0ms)
			ExecutionOrderSort2 (0ms)
			AwakeInstancesAfterBackupRestoration (14ms)
Platform modules already initialized, skipping
Refreshing native plugins compatible for Editor in 3.17 ms, found 3 plugins.
Preloading 0 native plugins for Editor in 0.00 ms.
Unloading 5264 Unused Serialized files (Serialized files now loaded: 0)
Unloading 31 unused Assets / (0.8 MB). Loaded Objects now: 5901.
Memory consumption went from 219.3 MB to 218.5 MB.
Total: 5.651100 ms (FindLiveObjects: 0.594200 ms CreateObjectMapping: 0.253700 ms MarkObjects: 4.244400 ms  DeleteObjects: 0.557100 ms)

AssetImportParameters requested are different than current active one (requested -> active):
  custom:video-decoder-ogg-theora: a1e56fd34408186e4bbccfd4996cb3dc -> 
  custom:container-muxer-webm: aa71ff27fc2769a1b78a27578f13a17b -> 
  custom:container-demuxer-webm: 4f35f7cbe854078d1ac9338744f61a02 -> 
  custom:video-encoder-webm-vp8: eb34c28f22e8b96e1ab97ce403110664 -> 
  custom:audio-encoder-webm-vorbis: bf7c407c2cedff20999df2af8eb42d56 -> 
  custom:framework-win-MediaFoundation: 216162199b28c13a410421893ffa2e32 -> 
  custom:container-demuxer-ogg: 62fdf1f143b41e24485cea50d1cbac27 -> 
  custom:video-decoder-webm-vp8: 9c59270c3fd7afecdb556c50c9e8de78 -> 
  custom:audio-decoder-ogg-vorbis: bf7c407c2cedff20999df2af8eb42d56 -> 
========================================================================
Received Import Request.
  Time since last request: 54.552754 seconds.
  path: Assets/FBX/New Material.mat
  artifactKey: Guid(044b38fbe4a37714baa175611e1f0f3d) Importer(815301076,1909f56bfc062723c751e8b465ee728b)
Start importing Assets/FBX/New Material.mat using Guid(044b38fbe4a37714baa175611e1f0f3d) Importer(815301076,1909f56bfc062723c751e8b465ee728b)  -> (artifact id: 'b25a6dbe7bfea62b4f50a1e4e6fa141b') in 0.078298 seconds 
